2024-12-02 15:37:25,968 - INFO - Adding job tentatively -- it will be properly scheduled when the scheduler starts
2024-12-02 15:37:25,968 - INFO - Adding job tentatively -- it will be properly scheduled when the scheduler starts
2024-12-02 15:37:25,968 - INFO - Scheduler started. Weather and Transport data collection will run daily.
2024-12-02 15:37:25,969 - INFO - Added job "start_scheduler.<locals>.<lambda>" to job store "default"
2024-12-02 15:37:25,969 - INFO - Added job "start_scheduler.<locals>.<lambda>" to job store "default"
2024-12-02 15:37:25,969 - INFO - Scheduler started
2024-12-02 15:40:00,011 - INFO - Running job "start_scheduler.<locals>.<lambda> (trigger: cron[hour='15', minute='40'], next run at: 2024-12-02 15:40:00 GMT)" (scheduled at 2024-12-02 15:40:00+00:00)
2024-12-02 15:40:00,141 - ERROR - Failed to fetch weather data: 401, {"cod":401, "message": "Invalid API key. Please see https://openweathermap.org/faq#error401 for more info."}
2024-12-02 15:40:00,141 - WARNING - No weather data collected.
2024-12-02 15:40:00,141 - INFO - Job "start_scheduler.<locals>.<lambda> (trigger: cron[hour='15', minute='40'], next run at: 2024-12-03 15:40:00 GMT)" executed successfully
2024-12-02 15:42:00,006 - INFO - Running job "start_scheduler.<locals>.<lambda> (trigger: cron[hour='15', minute='42'], next run at: 2024-12-03 15:42:00 GMT)" (scheduled at 2024-12-02 15:42:00+00:00)
2024-12-02 15:42:00,603 - INFO - Transport data successfully fetched for ATCO code 0100BRP90310.
2024-12-02 15:42:02,033 - INFO - Transport data successfully fetched for ATCO code 0100BRP90312.
2024-12-02 15:42:02,048 - INFO - Transport data saved to transport_data_2024-12-02.csv.
2024-12-02 15:42:02,385 - INFO - File transport_data_2024-12-02.csv uploaded to GCS as transport_data_2024-12-02.csv.
2024-12-02 15:42:02,385 - INFO - Job "start_scheduler.<locals>.<lambda> (trigger: cron[hour='15', minute='42'], next run at: 2024-12-03 15:42:00 GMT)" executed successfully
2024-12-02 15:43:18,054 - INFO - Scheduler stopped.
2024-12-02 15:46:39,978 - INFO - Adding job tentatively -- it will be properly scheduled when the scheduler starts
2024-12-02 15:46:39,979 - INFO - Adding job tentatively -- it will be properly scheduled when the scheduler starts
2024-12-02 15:46:39,979 - INFO - Scheduler started. Weather and Transport data collection jobs added.
2024-12-02 15:46:39,979 - INFO - Added job "start_scheduler.<locals>.<lambda>" to job store "default"
2024-12-02 15:46:39,979 - INFO - Added job "start_scheduler.<locals>.<lambda>" to job store "default"
2024-12-02 15:46:39,979 - INFO - Scheduler started
2024-12-02 15:48:00,008 - INFO - Running job "start_scheduler.<locals>.<lambda> (trigger: cron[hour='15', minute='48'], next run at: 2024-12-02 15:48:00 GMT)" (scheduled at 2024-12-02 15:48:00+00:00)
2024-12-02 15:48:00,131 - INFO - Weather data successfully fetched.
2024-12-02 15:48:00,152 - INFO - weather_data_2024-12-02.csv saved locally.
2024-12-02 15:48:00,511 - INFO - weather_data_2024-12-02.csv uploaded to GCS.
2024-12-02 15:48:00,512 - INFO - Job "start_scheduler.<locals>.<lambda> (trigger: cron[hour='15', minute='48'], next run at: 2024-12-03 15:48:00 GMT)" executed successfully
2024-12-02 15:50:00,003 - INFO - Running job "start_scheduler.<locals>.<lambda> (trigger: cron[hour='15', minute='50'], next run at: 2024-12-03 15:50:00 GMT)" (scheduled at 2024-12-02 15:50:00+00:00)
2024-12-02 15:50:01,004 - INFO - Transport data successfully fetched for ATCO code 0100BRP90310.
2024-12-02 15:50:01,513 - INFO - Transport data successfully fetched for ATCO code 0100BRP90312.
2024-12-02 15:50:01,524 - INFO - transport_data_2024-12-02.csv saved locally.
2024-12-02 15:50:01,771 - INFO - transport_data_2024-12-02.csv uploaded to GCS.
2024-12-02 15:50:01,771 - INFO - Job "start_scheduler.<locals>.<lambda> (trigger: cron[hour='15', minute='50'], next run at: 2024-12-03 15:50:00 GMT)" executed successfully
2024-12-02 16:03:32,245 - INFO - Scheduler stopped.
2024-12-02 16:03:33,294 - INFO - Adding job tentatively -- it will be properly scheduled when the scheduler starts
2024-12-02 16:03:33,294 - INFO - Adding job tentatively -- it will be properly scheduled when the scheduler starts
2024-12-02 16:03:33,294 - INFO - Scheduler started. Weather and Transport data collection jobs added.
2024-12-02 16:03:33,295 - INFO - Added job "start_scheduler.<locals>.<lambda>" to job store "default"
2024-12-02 16:03:33,295 - INFO - Added job "start_scheduler.<locals>.<lambda>" to job store "default"
2024-12-02 16:03:33,295 - INFO - Scheduler started
2024-12-02 16:04:21,909 - INFO - Scheduler stopped.
2024-12-02 16:04:44,309 - INFO - Adding job tentatively -- it will be properly scheduled when the scheduler starts
2024-12-02 16:04:44,309 - INFO - Adding job tentatively -- it will be properly scheduled when the scheduler starts
2024-12-02 16:04:44,309 - INFO - Scheduler started. Weather and Transport data collection jobs added.
2024-12-02 16:04:44,310 - INFO - Added job "start_scheduler.<locals>.<lambda>" to job store "default"
2024-12-02 16:04:44,310 - INFO - Added job "start_scheduler.<locals>.<lambda>" to job store "default"
2024-12-02 16:04:44,310 - INFO - Scheduler started
2024-12-02 16:10:00,020 - INFO - Running job "start_scheduler.<locals>.<lambda> (trigger: cron[hour='16', minute='10'], next run at: 2024-12-02 16:10:00 GMT)" (scheduled at 2024-12-02 16:10:00+00:00)
2024-12-02 16:10:00,151 - INFO - Weather data successfully fetched.
2024-12-02 16:10:00,174 - INFO - weather_data_2024-12-02.csv saved locally.
2024-12-02 16:10:00,531 - INFO - weather_data_2024-12-02.csv uploaded to GCS.
2024-12-02 16:10:00,532 - INFO - Job "start_scheduler.<locals>.<lambda> (trigger: cron[hour='16', minute='10'], next run at: 2024-12-03 16:10:00 GMT)" executed successfully
2024-12-02 16:12:00,007 - INFO - Running job "start_scheduler.<locals>.<lambda> (trigger: cron[hour='16', minute='12'], next run at: 2024-12-03 16:12:00 GMT)" (scheduled at 2024-12-02 16:12:00+00:00)
2024-12-02 16:12:00,487 - INFO - Transport data successfully fetched for ATCO code 0100BRP90310.
2024-12-02 16:12:01,058 - INFO - Transport data successfully fetched for ATCO code 0100BRP90312.
2024-12-02 16:12:01,067 - INFO - transport_data_2024-12-02.csv saved locally.
2024-12-02 16:12:01,363 - INFO - transport_data_2024-12-02.csv uploaded to GCS.
2024-12-02 16:12:01,364 - INFO - Job "start_scheduler.<locals>.<lambda> (trigger: cron[hour='16', minute='12'], next run at: 2024-12-03 16:12:00 GMT)" executed successfully
2024-12-03 21:09:43,518 - INFO - Scheduler stopped.
2024-12-03 21:09:44,540 - INFO - Adding job tentatively -- it will be properly scheduled when the scheduler starts
2024-12-03 21:09:44,540 - INFO - Adding job tentatively -- it will be properly scheduled when the scheduler starts
2024-12-03 21:09:44,540 - INFO - Scheduler started. Weather and Transport data collection jobs added.
2024-12-03 21:09:44,540 - INFO - Added job "start_scheduler.<locals>.<lambda>" to job store "default"
2024-12-03 21:09:44,540 - INFO - Added job "start_scheduler.<locals>.<lambda>" to job store "default"
2024-12-03 21:09:44,540 - INFO - Scheduler started
2024-12-03 21:10:00,008 - INFO - Running job "start_scheduler.<locals>.<lambda> (trigger: cron[hour='21', minute='10'], next run at: 2024-12-03 21:10:00 GMT)" (scheduled at 2024-12-03 21:10:00+00:00)
2024-12-03 21:10:00,691 - INFO - Transport data successfully fetched for ATCO code 0100BRP90310.
2024-12-03 21:10:01,294 - INFO - Transport data successfully fetched for ATCO code 0100BRP90312.
2024-12-03 21:10:01,304 - INFO - transport_data_2024-12-03.csv saved locally.
2024-12-03 21:10:01,713 - INFO - transport_data_2024-12-03.csv uploaded to GCS.
2024-12-03 21:10:01,714 - INFO - Job "start_scheduler.<locals>.<lambda> (trigger: cron[hour='21', minute='10'], next run at: 2024-12-04 21:10:00 GMT)" executed successfully
2024-12-03 21:12:00,007 - INFO - Running job "start_scheduler.<locals>.<lambda> (trigger: cron[hour='21', minute='12'], next run at: 2024-12-04 21:12:00 GMT)" (scheduled at 2024-12-03 21:12:00+00:00)
2024-12-03 21:12:00,083 - INFO - Weather data successfully fetched.
2024-12-03 21:12:00,101 - INFO - weather_data_2024-12-03.csv saved locally.
2024-12-03 21:12:00,369 - INFO - weather_data_2024-12-03.csv uploaded to GCS.
2024-12-03 21:12:00,369 - INFO - Job "start_scheduler.<locals>.<lambda> (trigger: cron[hour='21', minute='12'], next run at: 2024-12-04 21:12:00 GMT)" executed successfully
2024-12-04 21:35:09,503 - INFO - Scheduler stopped.
2024-12-04 21:35:10,822 - INFO - Adding job tentatively -- it will be properly scheduled when the scheduler starts
2024-12-04 21:35:10,822 - INFO - Adding job tentatively -- it will be properly scheduled when the scheduler starts
2024-12-04 21:35:10,822 - INFO - Scheduler started. Weather and Transport data collection jobs added.
2024-12-04 21:35:10,822 - INFO - Added job "start_scheduler.<locals>.<lambda>" to job store "default"
2024-12-04 21:35:10,822 - INFO - Added job "start_scheduler.<locals>.<lambda>" to job store "default"
2024-12-04 21:35:10,822 - INFO - Scheduler started
2024-12-04 21:36:07,125 - INFO - Scheduler stopped.
2024-12-04 21:36:08,628 - INFO - Adding job tentatively -- it will be properly scheduled when the scheduler starts
2024-12-04 21:36:08,628 - INFO - Adding job tentatively -- it will be properly scheduled when the scheduler starts
2024-12-04 21:36:08,628 - INFO - Scheduler started. Weather and Transport data collection jobs added.
2024-12-04 21:36:08,629 - INFO - Added job "start_scheduler.<locals>.<lambda>" to job store "default"
2024-12-04 21:36:08,629 - INFO - Added job "start_scheduler.<locals>.<lambda>" to job store "default"
2024-12-04 21:36:08,629 - INFO - Scheduler started
2024-12-04 21:37:38,175 - INFO - Scheduler stopped.
2024-12-04 21:37:40,905 - INFO - Adding job tentatively -- it will be properly scheduled when the scheduler starts
2024-12-04 21:37:40,905 - INFO - Adding job tentatively -- it will be properly scheduled when the scheduler starts
2024-12-04 21:37:40,905 - INFO - Scheduler started. Weather and Transport data collection jobs added.
2024-12-04 21:37:40,905 - INFO - Added job "start_scheduler.<locals>.<lambda>" to job store "default"
2024-12-04 21:37:40,906 - INFO - Added job "start_scheduler.<locals>.<lambda>" to job store "default"
2024-12-04 21:37:40,906 - INFO - Scheduler started
2024-12-04 21:38:00,007 - INFO - Running job "start_scheduler.<locals>.<lambda> (trigger: cron[hour='21', minute='38'], next run at: 2024-12-04 21:38:00 GMT)" (scheduled at 2024-12-04 21:38:00+00:00)
2024-12-04 21:38:00,145 - INFO - Weather data successfully fetched.
2024-12-04 21:38:00,160 - INFO - weather_data_2024-12-04.csv saved locally.
2024-12-04 21:38:00,685 - INFO - weather_data_2024-12-04.csv uploaded to GCS.
2024-12-04 21:38:00,686 - INFO - Job "start_scheduler.<locals>.<lambda> (trigger: cron[hour='21', minute='38'], next run at: 2024-12-05 21:38:00 GMT)" executed successfully
2024-12-04 21:39:00,034 - INFO - Running job "start_scheduler.<locals>.<lambda> (trigger: cron[hour='21', minute='39'], next run at: 2024-12-05 21:39:00 GMT)" (scheduled at 2024-12-04 21:39:00+00:00)
2024-12-04 21:39:00,616 - INFO - Transport data successfully fetched for ATCO code 0100BRP90310.
2024-12-04 21:39:01,146 - INFO - Transport data successfully fetched for ATCO code 0100BRP90312.
2024-12-04 21:39:01,153 - INFO - transport_data_2024-12-04.csv saved locally.
2024-12-04 21:39:01,424 - INFO - transport_data_2024-12-04.csv uploaded to GCS.
2024-12-04 21:39:01,425 - INFO - Job "start_scheduler.<locals>.<lambda> (trigger: cron[hour='21', minute='39'], next run at: 2024-12-05 21:39:00 GMT)" executed successfully
2024-12-05 22:53:39,359 - INFO - Scheduler stopped.
2024-12-05 22:53:40,595 - INFO - Adding job tentatively -- it will be properly scheduled when the scheduler starts
2024-12-05 22:53:40,595 - INFO - Adding job tentatively -- it will be properly scheduled when the scheduler starts
2024-12-05 22:53:40,595 - INFO - Scheduler started. Weather and Transport data collection jobs added.
2024-12-05 22:53:40,596 - INFO - Added job "start_scheduler.<locals>.<lambda>" to job store "default"
2024-12-05 22:53:40,596 - INFO - Added job "start_scheduler.<locals>.<lambda>" to job store "default"
2024-12-05 22:53:40,596 - INFO - Scheduler started
2024-12-05 23:59:58,998 - INFO - Scheduler stopped.
2024-12-05 23:59:59,835 - INFO - Adding job tentatively -- it will be properly scheduled when the scheduler starts
2024-12-05 23:59:59,835 - INFO - Adding job tentatively -- it will be properly scheduled when the scheduler starts
2024-12-05 23:59:59,835 - INFO - Scheduler started. Weather and Transport data collection jobs added.
2024-12-05 23:59:59,836 - INFO - Added job "start_scheduler.<locals>.<lambda>" to job store "default"
2024-12-05 23:59:59,836 - INFO - Added job "start_scheduler.<locals>.<lambda>" to job store "default"
2024-12-05 23:59:59,836 - INFO - Scheduler started
2024-12-06 00:01:08,646 - INFO - Scheduler stopped.
2024-12-06 00:01:09,459 - INFO - Adding job tentatively -- it will be properly scheduled when the scheduler starts
2024-12-06 00:01:09,460 - INFO - Adding job tentatively -- it will be properly scheduled when the scheduler starts
2024-12-06 00:01:09,460 - INFO - Scheduler started. Weather and Transport data collection jobs added.
2024-12-06 00:01:09,460 - INFO - Added job "start_scheduler.<locals>.<lambda>" to job store "default"
2024-12-06 00:01:09,460 - INFO - Added job "start_scheduler.<locals>.<lambda>" to job store "default"
2024-12-06 00:01:09,460 - INFO - Scheduler started
2024-12-06 00:02:00,010 - INFO - Running job "start_scheduler.<locals>.<lambda> (trigger: cron[hour='0', minute='2'], next run at: 2024-12-06 00:02:00 GMT)" (scheduled at 2024-12-06 00:02:00+00:00)
2024-12-06 00:02:00,119 - INFO - Weather data successfully fetched.
2024-12-06 00:02:00,137 - INFO - weather_data_2024-12-06.csv saved locally.
2024-12-06 00:02:00,602 - INFO - weather_data_2024-12-06.csv uploaded to GCS.
2024-12-06 00:02:00,603 - INFO - Job "start_scheduler.<locals>.<lambda> (trigger: cron[hour='0', minute='2'], next run at: 2024-12-07 00:02:00 GMT)" executed successfully
2024-12-06 00:03:00,002 - INFO - Running job "start_scheduler.<locals>.<lambda> (trigger: cron[hour='0', minute='3'], next run at: 2024-12-07 00:03:00 GMT)" (scheduled at 2024-12-06 00:03:00+00:00)
2024-12-06 00:03:00,342 - INFO - Transport data successfully fetched for ATCO code 0100BRP90310.
2024-12-06 00:03:00,610 - INFO - Transport data successfully fetched for ATCO code 0100BRP90312.
2024-12-06 00:03:00,619 - INFO - transport_data_2024-12-06.csv saved locally.
2024-12-06 00:03:00,867 - INFO - transport_data_2024-12-06.csv uploaded to GCS.
2024-12-06 00:03:00,867 - INFO - Job "start_scheduler.<locals>.<lambda> (trigger: cron[hour='0', minute='3'], next run at: 2024-12-07 00:03:00 GMT)" executed successfully
2024-12-06 00:23:12,293 - INFO - Scheduler stopped.
2024-12-06 00:23:24,302 - INFO - Adding job tentatively -- it will be properly scheduled when the scheduler starts
2024-12-06 00:23:24,302 - INFO - Adding job tentatively -- it will be properly scheduled when the scheduler starts
2024-12-06 00:23:24,302 - INFO - Scheduler started. Weather and Transport data collection jobs added.
2024-12-06 00:23:24,303 - INFO - Added job "start_scheduler.<locals>.<lambda>" to job store "default"
2024-12-06 00:23:24,303 - INFO - Added job "start_scheduler.<locals>.<lambda>" to job store "default"
2024-12-06 00:23:24,303 - INFO - Scheduler started
2024-12-06 00:23:32,585 - INFO - Scheduler stopped.
2024-12-06 00:23:39,098 - INFO - Adding job tentatively -- it will be properly scheduled when the scheduler starts
2024-12-06 00:23:39,098 - INFO - Adding job tentatively -- it will be properly scheduled when the scheduler starts
2024-12-06 00:23:39,098 - INFO - Scheduler started. Weather and Transport data collection jobs added.
2024-12-06 00:23:39,099 - INFO - Added job "start_scheduler.<locals>.<lambda>" to job store "default"
2024-12-06 00:23:39,099 - INFO - Added job "start_scheduler.<locals>.<lambda>" to job store "default"
2024-12-06 00:23:39,099 - INFO - Scheduler started
2024-12-07 13:41:20,303 - INFO - Scheduler stopped.
2024-12-07 13:41:53,749 - INFO - Adding job tentatively -- it will be properly scheduled when the scheduler starts
2024-12-07 13:41:53,750 - INFO - Adding job tentatively -- it will be properly scheduled when the scheduler starts
2024-12-07 13:41:53,750 - INFO - Scheduler started. Weather and Transport data collection jobs added.
2024-12-07 13:41:53,750 - INFO - Added job "start_scheduler.<locals>.<lambda>" to job store "default"
2024-12-07 13:41:53,750 - INFO - Added job "start_scheduler.<locals>.<lambda>" to job store "default"
2024-12-07 13:41:53,750 - INFO - Scheduler started
2024-12-07 13:43:00,019 - INFO - Running job "start_scheduler.<locals>.<lambda> (trigger: cron[hour='13', minute='43'], next run at: 2024-12-08 13:43:00 GMT)" (scheduled at 2024-12-07 13:43:00+00:00)
2024-12-07 13:43:00,153 - INFO - Weather data successfully fetched.
2024-12-07 13:43:00,168 - INFO - weather_data_2024-12-07.csv saved locally.
2024-12-07 13:43:00,627 - INFO - weather_data_2024-12-07.csv uploaded to GCS.
2024-12-07 13:43:00,627 - INFO - Job "start_scheduler.<locals>.<lambda> (trigger: cron[hour='13', minute='43'], next run at: 2024-12-08 13:43:00 GMT)" executed successfully
2024-12-07 13:45:00,010 - INFO - Running job "start_scheduler.<locals>.<lambda> (trigger: cron[hour='13', minute='45'], next run at: 2024-12-08 13:45:00 GMT)" (scheduled at 2024-12-07 13:45:00+00:00)
2024-12-07 13:45:00,297 - INFO - Transport data successfully fetched for ATCO code 0100BRP90310.
2024-12-07 13:45:00,634 - INFO - Transport data successfully fetched for ATCO code 0100BRP90312.
2024-12-07 13:45:00,646 - INFO - transport_data_2024-12-07.csv saved locally.
2024-12-07 13:45:00,899 - INFO - transport_data_2024-12-07.csv uploaded to GCS.
2024-12-07 13:45:00,899 - INFO - Job "start_scheduler.<locals>.<lambda> (trigger: cron[hour='13', minute='45'], next run at: 2024-12-08 13:45:00 GMT)" executed successfully
2024-12-08 23:20:23,067 - INFO - Scheduler stopped.
2024-12-08 23:20:24,392 - INFO - Adding job tentatively -- it will be properly scheduled when the scheduler starts
2024-12-08 23:20:24,393 - INFO - Adding job tentatively -- it will be properly scheduled when the scheduler starts
2024-12-08 23:20:24,393 - INFO - Scheduler started. Weather and Transport data collection jobs added.
2024-12-08 23:20:24,393 - INFO - Added job "start_scheduler.<locals>.<lambda>" to job store "default"
2024-12-08 23:20:24,393 - INFO - Added job "start_scheduler.<locals>.<lambda>" to job store "default"
2024-12-08 23:20:24,393 - INFO - Scheduler started
2024-12-08 23:21:00,011 - INFO - Running job "start_scheduler.<locals>.<lambda> (trigger: cron[hour='23', minute='21'], next run at: 2024-12-08 23:21:00 GMT)" (scheduled at 2024-12-08 23:21:00+00:00)
2024-12-08 23:21:00,117 - INFO - Weather data successfully fetched.
2024-12-08 23:21:00,130 - INFO - weather_data_2024-12-08.csv saved locally.
2024-12-08 23:21:00,497 - INFO - weather_data_2024-12-08.csv uploaded to GCS.
2024-12-08 23:21:00,498 - INFO - Job "start_scheduler.<locals>.<lambda> (trigger: cron[hour='23', minute='21'], next run at: 2024-12-09 23:21:00 GMT)" executed successfully
2024-12-08 23:22:00,006 - INFO - Running job "start_scheduler.<locals>.<lambda> (trigger: cron[hour='23', minute='22'], next run at: 2024-12-09 23:22:00 GMT)" (scheduled at 2024-12-08 23:22:00+00:00)
2024-12-08 23:22:00,321 - INFO - Transport data successfully fetched for ATCO code 0100BRP90310.
2024-12-08 23:22:00,612 - INFO - Transport data successfully fetched for ATCO code 0100BRP90312.
2024-12-08 23:22:00,619 - INFO - transport_data_2024-12-08.csv saved locally.
2024-12-08 23:22:00,866 - INFO - transport_data_2024-12-08.csv uploaded to GCS.
2024-12-08 23:22:00,866 - INFO - Job "start_scheduler.<locals>.<lambda> (trigger: cron[hour='23', minute='22'], next run at: 2024-12-09 23:22:00 GMT)" executed successfully
2024-12-09 16:15:19,803 - INFO - Scheduler stopped.
2024-12-09 16:15:23,096 - INFO - Adding job tentatively -- it will be properly scheduled when the scheduler starts
2024-12-09 16:15:23,096 - INFO - Adding job tentatively -- it will be properly scheduled when the scheduler starts
2024-12-09 16:15:23,096 - INFO - Scheduler started. Weather and Transport data collection jobs added.
2024-12-09 16:15:23,097 - INFO - Added job "start_scheduler.<locals>.<lambda>" to job store "default"
2024-12-09 16:15:23,097 - INFO - Added job "start_scheduler.<locals>.<lambda>" to job store "default"
2024-12-09 16:15:23,097 - INFO - Scheduler started
2024-12-09 16:17:00,020 - INFO - Running job "start_scheduler.<locals>.<lambda> (trigger: cron[hour='16', minute='17'], next run at: 2024-12-10 16:17:00 GMT)" (scheduled at 2024-12-09 16:17:00+00:00)
2024-12-09 16:17:00,135 - INFO - Weather data successfully fetched.
2024-12-09 16:17:00,152 - INFO - weather_data_2024-12-09.csv saved locally.
2024-12-09 16:17:00,575 - INFO - weather_data_2024-12-09.csv uploaded to GCS.
2024-12-09 16:17:00,576 - INFO - Job "start_scheduler.<locals>.<lambda> (trigger: cron[hour='16', minute='17'], next run at: 2024-12-10 16:17:00 GMT)" executed successfully
2024-12-09 16:18:00,006 - INFO - Running job "start_scheduler.<locals>.<lambda> (trigger: cron[hour='16', minute='18'], next run at: 2024-12-10 16:18:00 GMT)" (scheduled at 2024-12-09 16:18:00+00:00)
2024-12-09 16:18:00,294 - INFO - Transport data successfully fetched for ATCO code 0100BRP90310.
2024-12-09 16:18:00,605 - INFO - Transport data successfully fetched for ATCO code 0100BRP90312.
2024-12-09 16:18:00,614 - INFO - transport_data_2024-12-09.csv saved locally.
2024-12-09 16:18:00,873 - INFO - transport_data_2024-12-09.csv uploaded to GCS.
2024-12-09 16:18:00,874 - INFO - Job "start_scheduler.<locals>.<lambda> (trigger: cron[hour='16', minute='18'], next run at: 2024-12-10 16:18:00 GMT)" executed successfully
2024-12-10 18:06:11,257 - WARNING - Run time of job "start_scheduler.<locals>.<lambda> (trigger: cron[hour='16', minute='17'], next run at: 2024-12-11 16:17:00 GMT)" was missed by 1:49:11.256358
2024-12-10 18:06:11,260 - WARNING - Run time of job "start_scheduler.<locals>.<lambda> (trigger: cron[hour='16', minute='18'], next run at: 2024-12-11 16:18:00 GMT)" was missed by 1:48:11.260737
2024-12-11 15:36:09,584 - INFO - Scheduler stopped.
2024-12-11 15:36:13,721 - INFO - Adding job tentatively -- it will be properly scheduled when the scheduler starts
2024-12-11 15:36:13,721 - INFO - Adding job tentatively -- it will be properly scheduled when the scheduler starts
2024-12-11 15:36:13,721 - INFO - Scheduler started. Weather and Transport data collection jobs added.
2024-12-11 15:36:13,722 - INFO - Added job "start_scheduler.<locals>.<lambda>" to job store "default"
2024-12-11 15:36:13,722 - INFO - Added job "start_scheduler.<locals>.<lambda>" to job store "default"
2024-12-11 15:36:13,722 - INFO - Scheduler started
2024-12-11 15:37:00,012 - INFO - Running job "start_scheduler.<locals>.<lambda> (trigger: cron[hour='15', minute='37'], next run at: 2024-12-11 15:37:00 GMT)" (scheduled at 2024-12-11 15:37:00+00:00)
2024-12-11 15:37:00,150 - INFO - Weather data successfully fetched.
2024-12-11 15:37:00,166 - INFO - weather_data_2024-12-11.csv saved locally.
2024-12-11 15:37:00,604 - INFO - weather_data_2024-12-11.csv uploaded to GCS.
2024-12-11 15:37:00,605 - INFO - Job "start_scheduler.<locals>.<lambda> (trigger: cron[hour='15', minute='37'], next run at: 2024-12-12 15:37:00 GMT)" executed successfully
2024-12-11 15:38:00,001 - INFO - Running job "start_scheduler.<locals>.<lambda> (trigger: cron[hour='15', minute='38'], next run at: 2024-12-12 15:38:00 GMT)" (scheduled at 2024-12-11 15:38:00+00:00)
2024-12-11 15:38:00,377 - INFO - Transport data successfully fetched for ATCO code 0100BRP90310.
2024-12-11 15:38:00,670 - INFO - Transport data successfully fetched for ATCO code 0100BRP90312.
2024-12-11 15:38:00,677 - INFO - transport_data_2024-12-11.csv saved locally.
2024-12-11 15:38:00,898 - INFO - transport_data_2024-12-11.csv uploaded to GCS.
2024-12-11 15:38:00,899 - INFO - Job "start_scheduler.<locals>.<lambda> (trigger: cron[hour='15', minute='38'], next run at: 2024-12-12 15:38:00 GMT)" executed successfully
2024-12-11 16:00:48,602 - INFO - Scheduler stopped.
2024-12-11 16:45:56,642 - INFO - Adding job tentatively -- it will be properly scheduled when the scheduler starts
2024-12-11 16:45:56,643 - INFO - Adding job tentatively -- it will be properly scheduled when the scheduler starts
2024-12-11 16:45:56,643 - INFO - Scheduler started. Weather and Transport data collection jobs added.
2024-12-11 16:45:56,643 - INFO - Added job "start_scheduler.<locals>.<lambda>" to job store "default"
2024-12-11 16:45:56,643 - INFO - Added job "start_scheduler.<locals>.<lambda>" to job store "default"
2024-12-11 16:45:56,643 - INFO - Scheduler started
2024-12-11 16:46:13,996 - INFO - Scheduler stopped.
2024-12-11 16:52:52,496 - INFO - Adding job tentatively -- it will be properly scheduled when the scheduler starts
2024-12-11 16:52:52,496 - INFO - Adding job tentatively -- it will be properly scheduled when the scheduler starts
2024-12-11 16:52:52,496 - INFO - Scheduler started. Weather and Transport data collection jobs added.
2024-12-11 16:52:52,497 - INFO - Added job "start_scheduler.<locals>.<lambda>" to job store "default"
2024-12-11 16:52:52,497 - INFO - Added job "start_scheduler.<locals>.<lambda>" to job store "default"
2024-12-11 16:52:52,497 - INFO - Scheduler started
2024-12-11 16:52:56,686 - INFO - Scheduler stopped.
